Jun 25, 2026 6:38:04 PM com.google.cloud.datastore.emulator.firestore.websocket.WebSocketServer start
INFO: Started WebSocket server on ws://127.0.0.1:9150

API endpoint: http://127.0.0.1:8080
Database Edition: STANDARD
Database Mode: CLOUD_FIRESTORE

If you are using a library that supports the FIRESTORE_EMULATOR_HOST environment variable, run:

   export FIRESTORE_EMULATOR_HOST=127.0.0.1:8080

If you are running a Firestore in Datastore Mode project, run:

   export DATASTORE_EMULATOR_HOST=127.0.0.1:8080

Note: Support for Datastore Mode is in preview. If you encounter any bugs please file at https://github.com/firebase/firebase-tools/issues.
Dev App Server is now running.

Jun 25, 2026 6:39:04 PM io.gapi.emulators.netty.HttpVersionRoutingHandler channelRead
INFO: Detected non-HTTP/2 connection.
Jun 25, 2026 6:39:05 PM io.gapi.emulators.netty.HttpVersionRoutingHandler channelRead
INFO: Detected non-HTTP/2 connection.
Jun 25, 2026 6:39:05 PM io.gapi.emulators.netty.HttpVersionRoutingHandler channelRead
INFO: Detected non-HTTP/2 connection.
Jun 25, 2026 6:39:05 PM io.gapi.emulators.netty.HttpVersionRoutingHandler channelRead
INFO: Detected non-HTTP/2 connection.
Jun 25, 2026 6:39:05 PM io.gapi.emulators.netty.HttpVersionRoutingHandler channelRead
INFO: Detected non-HTTP/2 connection.
Jun 25, 2026 6:39:05 PM io.gapi.emulators.netty.HttpVersionRoutingHandler channelRead
INFO: Detected non-HTTP/2 connection.
Jun 25, 2026 6:39:05 PM io.gapi.emulators.netty.HttpVersionRoutingHandler channelRead
INFO: Detected non-HTTP/2 connection.
Jun 25, 2026 6:39:05 PM io.gapi.emulators.netty.HttpVersionRoutingHandler channelRead
INFO: Detected non-HTTP/2 connection.
Jun 25, 2026 6:39:05 PM io.gapi.emulators.netty.HttpVersionRoutingHandler channelRead
INFO: Detected non-HTTP/2 connection.
Jun 25, 2026 6:39:05 PM io.gapi.emulators.netty.HttpVersionRoutingHandler channelRead
INFO: Detected non-HTTP/2 connection.
Jun 25, 2026 6:39:05 PM io.gapi.emulators.netty.HttpVersionRoutingHandler channelRead
INFO: Detected non-HTTP/2 connection.
Jun 25, 2026 6:39:05 PM io.gapi.emulators.netty.HttpVersionRoutingHandler channelRead
INFO: Detected non-HTTP/2 connection.
Jun 25, 2026 6:39:05 PM io.gapi.emulators.netty.HttpVersionRoutingHandler channelRead
INFO: Detected non-HTTP/2 connection.
Jun 25, 2026 6:39:05 PM io.gapi.emulators.netty.HttpVersionRoutingHandler channelRead
INFO: Detected non-HTTP/2 connection.
Jun 25, 2026 6:39:05 PM io.gapi.emulators.netty.HttpVersionRoutingHandler channelRead
INFO: Detected non-HTTP/2 connection.
Jun 25, 2026 6:39:05 PM io.gapi.emulators.netty.HttpVersionRoutingHandler channelRead
INFO: Detected non-HTTP/2 connection.
Jun 25, 2026 6:39:05 PM io.gapi.emulators.netty.HttpVersionRoutingHandler channelRead
INFO: Detected non-HTTP/2 connection.
Jun 25, 2026 6:39:05 PM io.gapi.emulators.netty.HttpVersionRoutingHandler channelRead
INFO: Detected non-HTTP/2 connection.
Jun 25, 2026 6:39:05 PM io.gapi.emulators.netty.HttpVersionRoutingHandler channelRead
INFO: Detected non-HTTP/2 connection.
Jun 25, 2026 6:39:05 PM io.gapi.emulators.netty.HttpVersionRoutingHandler channelRead
INFO: Detected non-HTTP/2 connection.
Jun 25, 2026 6:39:05 PM io.gapi.emulators.netty.HttpVersionRoutingHandler channelRead
INFO: Detected non-HTTP/2 connection.
Jun 25, 2026 6:39:06 PM io.gapi.emulators.netty.HttpVersionRoutingHandler channelRead
INFO: Detected non-HTTP/2 connection.
Jun 25, 2026 6:39:06 PM io.gapi.emulators.netty.HttpVersionRoutingHandler channelRead
INFO: Detected non-HTTP/2 connection.
Jun 25, 2026 6:39:06 PM io.gapi.emulators.netty.HttpVersionRoutingHandler channelRead
INFO: Detected non-HTTP/2 connection.
Jun 25, 2026 6:39:06 PM io.gapi.emulators.netty.HttpVersionRoutingHandler channelRead
INFO: Detected non-HTTP/2 connection.
Jun 25, 2026 6:39:06 PM io.gapi.emulators.netty.HttpVersionRoutingHandler channelRead
INFO: Detected non-HTTP/2 connection.
Jun 25, 2026 6:39:06 PM com.google.cloud.datastore.emulator.impl.util.WrappedStreamObserver onError
WARNING: Operation failed: Property session contains an invalid nested entity.
com.google.cloud.datastore.core.exception.ValidationException: Property session contains an invalid nested entity.
	at com.google.cloud.datastore.core.rep.validator.EntityValidator.validateEntityOrMapValue(EntityValidator.java:550)
	at com.google.cloud.datastore.core.rep.validator.EntityValidator.validateEntityOrMapPropertyValue(EntityValidator.java:485)
	at com.google.cloud.datastore.core.rep.validator.EntityValidator.validatePropertyValue(EntityValidator.java:381)
	at com.google.cloud.datastore.core.rep.validator.EntityValidator.validatePropertyMap(EntityValidator.java:216)
	at com.google.cloud.datastore.core.rep.validator.EntityValidator.validateEntity(EntityValidator.java:178)
	at com.google.cloud.datastore.core.rep.validator.EntityValidator.validateEntity(EntityValidator.java:104)
	at com.google.cloud.datastore.emulator.impl.validators.CloudFirestoreEmulatorInternalValidator.validateWrite(CloudFirestoreEmulatorInternalValidator.java:60)
	at com.google.cloud.datastore.emulator.impl.firestore.FirestoreEmulatorHelper.internalCommit(FirestoreEmulatorHelper.java:329)
	at com.google.cloud.datastore.emulator.impl.firestore.CloudFirestoreV1.internalCommit(CloudFirestoreV1.java:1245)
	at com.google.cloud.datastore.emulator.impl.firestore.CloudFirestoreV1.write(CloudFirestoreV1.java:1232)
	at com.google.cloud.datastore.emulator.impl.firestore.CloudFirestoreV1WriteStream.handleRequest(CloudFirestoreV1WriteStream.java:222)
	at com.google.cloud.datastore.emulator.impl.firestore.CloudFirestoreV1WriteStream.write(CloudFirestoreV1WriteStream.java:144)
	at com.google.cloud.datastore.emulator.impl.firestore.CloudFirestoreV1WriteStream.onNext(CloudFirestoreV1WriteStream.java:99)
	at com.google.cloud.datastore.emulator.impl.firestore.CloudFirestoreV1WriteStream.onNext(CloudFirestoreV1WriteStream.java:27)
	at com.google.cloud.datastore.emulator.firestore.webchannel.FirestoreV1WebChannelAdapter$FirestoreWriteHandler.onMessage(FirestoreV1WebChannelAdapter.java:160)
	at com.google.cloud.datastore.emulator.firestore.webchannel.FirestoreV1WebChannelAdapter$FirestoreWriteHandler.onMessage(FirestoreV1WebChannelAdapter.java:130)
	at com.google.net.webchannel.server.v8.ChannelInternalImpl.onMessage(ChannelInternalImpl.java:525)
	at com.google.net.webchannel.server.v8.ForwardChannel.deliverMessage(ForwardChannel.java:114)
	at com.google.net.webchannel.server.v8.ForwardChannel.processPendingRequest(ForwardChannel.java:93)
	at com.google.net.webchannel.server.v8.ForwardChannel.consume(ForwardChannel.java:67)
	at com.google.net.webchannel.server.v8.ForwardChannel.add(ForwardChannel.java:60)
	at com.google.net.webchannel.server.v8.ChannelInternalImpl.handleRequestBody(ChannelInternalImpl.java:290)
	at com.google.net.webchannel.server.v8.ChannelInternalImpl.processSessionRequest(ChannelInternalImpl.java:357)
	at com.google.net.webchannel.server.v8.ChannelInternalImpl.handle(ChannelInternalImpl.java:172)
	at com.google.net.webchannel.server.v8.ChannelInternalImpl.consume(ChannelInternalImpl.java:91)
	at com.google.net.webchannel.server.common.ChannelProcessor.run(ChannelProcessor.java:86)
Caused by: com.google.cloud.datastore.core.exception.ValidationException: Property array contains an invalid nested entity.
	at com.google.cloud.datastore.core.rep.validator.EntityValidator.validateEntityOrMapValue(EntityValidator.java:550)
	at com.google.cloud.datastore.core.rep.validator.EntityValidator.validateEntityOrMapPropertyValue(EntityValidator.java:485)
	at com.google.cloud.datastore.core.rep.validator.EntityValidator.validatePropertyValue(EntityValidator.java:381)
	at com.google.cloud.datastore.core.rep.validator.EntityValidator.validateArray(EntityValidator.java:248)
	at com.google.cloud.datastore.core.rep.validator.EntityValidator.validatePropertyValue(EntityValidator.java:403)
	at com.google.cloud.datastore.core.rep.validator.EntityValidator.validatePropertyMap(EntityValidator.java:216)
	at com.google.cloud.datastore.core.rep.validator.EntityValidator.validateEntityOrMapValue(EntityValidator.java:535)
	... 25 more
Caused by: com.google.cloud.datastore.core.exception.ValidationException: Property session contains an invalid nested entity.
	at com.google.cloud.datastore.core.rep.validator.EntityValidator.validateEntityOrMapValue(EntityValidator.java:550)
	at com.google.cloud.datastore.core.rep.validator.EntityValidator.validateEntityOrMapPropertyValue(EntityValidator.java:485)
	at com.google.cloud.datastore.core.rep.validator.EntityValidator.validatePropertyValue(EntityValidator.java:381)
	at com.google.cloud.datastore.core.rep.validator.EntityValidator.validatePropertyMap(EntityValidator.java:216)
	at com.google.cloud.datastore.core.rep.validator.EntityValidator.validateEntityOrMapValue(EntityValidator.java:535)
	... 31 more
Caused by: com.google.cloud.datastore.core.exception.ValidationException: Property array contains an invalid nested entity.
	at com.google.cloud.datastore.core.rep.validator.EntityValidator.validateEntityOrMapValue(EntityValidator.java:550)
	at com.google.cloud.datastore.core.rep.validator.EntityValidator.validateEntityOrMapPropertyValue(EntityValidator.java:485)
	at com.google.cloud.datastore.core.rep.validator.EntityValidator.validatePropertyValue(EntityValidator.java:381)
	at com.google.cloud.datastore.core.rep.validator.EntityValidator.validateArray(EntityValidator.java:248)
	at com.google.cloud.datastore.core.rep.validator.EntityValidator.validatePropertyValue(EntityValidator.java:403)
	at com.google.cloud.datastore.core.rep.validator.EntityValidator.validatePropertyMap(EntityValidator.java:216)
	at com.google.cloud.datastore.core.rep.validator.EntityValidator.validateEntityOrMapValue(EntityValidator.java:535)
	... 35 more
Caused by: com.google.cloud.datastore.core.exception.ValidationException: Property session contains an invalid nested entity.
	at com.google.cloud.datastore.core.rep.validator.EntityValidator.validateEntityOrMapValue(EntityValidator.java:550)
	at com.google.cloud.datastore.core.rep.validator.EntityValidator.validateEntityOrMapPropertyValue(EntityValidator.java:485)
	at com.google.cloud.datastore.core.rep.validator.EntityValidator.validatePropertyValue(EntityValidator.java:381)
	at com.google.cloud.datastore.core.rep.validator.EntityValidator.validatePropertyMap(EntityValidator.java:216)
	at com.google.cloud.datastore.core.rep.validator.EntityValidator.validateEntityOrMapValue(EntityValidator.java:535)
	... 41 more
Caused by: com.google.cloud.datastore.core.exception.ValidationException: Property array contains an invalid nested entity.
	at com.google.cloud.datastore.core.rep.validator.EntityValidator.validateEntityOrMapValue(EntityValidator.java:550)
	at com.google.cloud.datastore.core.rep.validator.EntityValidator.validateEntityOrMapPropertyValue(EntityValidator.java:485)
	at com.google.cloud.datastore.core.rep.validator.EntityValidator.validatePropertyValue(EntityValidator.java:381)
	at com.google.cloud.datastore.core.rep.validator.EntityValidator.validateArray(EntityValidator.java:248)
	at com.google.cloud.datastore.core.rep.validator.EntityValidator.validatePropertyValue(EntityValidator.java:403)
	at com.google.cloud.datastore.core.rep.validator.EntityValidator.validatePropertyMap(EntityValidator.java:216)
	at com.google.cloud.datastore.core.rep.validator.EntityValidator.validateEntityOrMapValue(EntityValidator.java:535)
	... 45 more
Caused by: com.google.cloud.datastore.core.exception.ValidationException: Property session contains an invalid nested entity.
	at com.google.cloud.datastore.core.rep.validator.EntityValidator.validateEntityOrMapValue(EntityValidator.java:550)
	at com.google.cloud.datastore.core.rep.validator.EntityValidator.validateEntityOrMapPropertyValue(EntityValidator.java:485)
	at com.google.cloud.datastore.core.rep.validator.EntityValidator.validatePropertyValue(EntityValidator.java:381)
	at com.google.cloud.datastore.core.rep.validator.EntityValidator.validatePropertyMap(EntityValidator.java:216)
	at com.google.cloud.datastore.core.rep.validator.EntityValidator.validateEntityOrMapValue(EntityValidator.java:535)
	... 51 more
Caused by: com.google.cloud.datastore.core.exception.ValidationException: Property array contains an invalid nested entity.
	at com.google.cloud.datastore.core.rep.validator.EntityValidator.validateEntityOrMapValue(EntityValidator.java:550)
	at com.google.cloud.datastore.core.rep.validator.EntityValidator.validateEntityOrMapPropertyValue(EntityValidator.java:485)
	at com.google.cloud.datastore.core.rep.validator.EntityValidator.validatePropertyValue(EntityValidator.java:381)
	at com.google.cloud.datastore.core.rep.validator.EntityValidator.validateArray(EntityValidator.java:248)
	at com.google.cloud.datastore.core.rep.validator.EntityValidator.validatePropertyValue(EntityValidator.java:403)
	at com.google.cloud.datastore.core.rep.validator.EntityValidator.validatePropertyMap(EntityValidator.java:216)
	at com.google.cloud.datastore.core.rep.validator.EntityValidator.validateEntityOrMapValue(EntityValidator.java:535)
	... 55 more
Caused by: com.google.cloud.datastore.core.exception.ValidationException: Property session contains an invalid nested entity.
	at com.google.cloud.datastore.core.rep.validator.EntityValidator.validateEntityOrMapValue(EntityValidator.java:550)
	at com.google.cloud.datastore.core.rep.validator.EntityValidator.validateEntityOrMapPropertyValue(EntityValidator.java:485)
	at com.google.cloud.datastore.core.rep.validator.EntityValidator.validatePropertyValue(EntityValidator.java:381)
	at com.google.cloud.datastore.core.rep.validator.EntityValidator.validatePropertyMap(EntityValidator.java:216)
	at com.google.cloud.datastore.core.rep.validator.EntityValidator.validateEntityOrMapValue(EntityValidator.java:535)
	... 61 more
Caused by: com.google.cloud.datastore.core.exception.ValidationException: Property array contains an invalid nested entity.
	at com.google.cloud.datastore.core.rep.validator.EntityValidator.validateEntityOrMapValue(EntityValidator.java:550)
	at com.google.cloud.datastore.core.rep.validator.EntityValidator.validateEntityOrMapPropertyValue(EntityValidator.java:485)
	at com.google.cloud.datastore.core.rep.validator.EntityValidator.validatePropertyValue(EntityValidator.java:381)
	at com.google.cloud.datastore.core.rep.validator.EntityValidator.validateArray(EntityValidator.java:248)
	at com.google.cloud.datastore.core.rep.validator.EntityValidator.validatePropertyValue(EntityValidator.java:403)
	at com.google.cloud.datastore.core.rep.validator.EntityValidator.validatePropertyMap(EntityValidator.java:216)
	at com.google.cloud.datastore.core.rep.validator.EntityValidator.validateEntityOrMapValue(EntityValidator.java:535)
	... 65 more
Caused by: com.google.cloud.datastore.core.exception.ValidationException: Property session contains an invalid nested entity.
	at com.google.cloud.datastore.core.rep.validator.EntityValidator.validateEntityOrMapValue(EntityValidator.java:550)
	at com.google.cloud.datastore.core.rep.validator.EntityValidator.validateEntityOrMapPropertyValue(EntityValidator.java:485)
	at com.google.cloud.datastore.core.rep.validator.EntityValidator.validatePropertyValue(EntityValidator.java:381)
	at com.google.cloud.datastore.core.rep.validator.EntityValidator.validatePropertyMap(EntityValidator.java:216)
	at com.google.cloud.datastore.core.rep.validator.EntityValidator.validateEntityOrMapValue(EntityValidator.java:535)
	... 71 more
Caused by: com.google.cloud.datastore.core.exception.ValidationException: Property array contains an invalid nested entity.
	at com.google.cloud.datastore.core.rep.validator.EntityValidator.validateEntityOrMapValue(EntityValidator.java:550)
	at com.google.cloud.datastore.core.rep.validator.EntityValidator.validateEntityOrMapPropertyValue(EntityValidator.java:485)
	at com.google.cloud.datastore.core.rep.validator.EntityValidator.validatePropertyValue(EntityValidator.java:381)
	at com.google.cloud.datastore.core.rep.validator.EntityValidator.validateArray(EntityValidator.java:248)
	at com.google.cloud.datastore.core.rep.validator.EntityValidator.validatePropertyValue(EntityValidator.java:403)
	at com.google.cloud.datastore.core.rep.validator.EntityValidator.validatePropertyMap(EntityValidator.java:216)
	at com.google.cloud.datastore.core.rep.validator.EntityValidator.validateEntityOrMapValue(EntityValidator.java:535)
	... 75 more
Caused by: com.google.cloud.datastore.core.exception.ValidationException: Property array contains an invalid nested entity.
	at com.google.cloud.datastore.core.rep.validator.EntityValidator.validateEntityOrMapValue(EntityValidator.java:550)
	at com.google.cloud.datastore.core.rep.validator.EntityValidator.validateEntityOrMapPropertyValue(EntityValidator.java:485)
	at com.google.cloud.datastore.core.rep.validator.EntityValidator.validatePropertyValue(EntityValidator.java:381)
	at com.google.cloud.datastore.core.rep.validator.EntityValidator.validateArray(EntityValidator.java:248)
	at com.google.cloud.datastore.core.rep.validator.EntityValidator.validatePropertyValue(EntityValidator.java:403)
	at com.google.cloud.datastore.core.rep.validator.EntityValidator.validatePropertyMap(EntityValidator.java:216)
	at com.google.cloud.datastore.core.rep.validator.EntityValidator.validateEntityOrMapValue(EntityValidator.java:535)
	... 81 more
Caused by: com.google.cloud.datastore.core.exception.ValidationException: Property data contains an invalid nested entity.
	at com.google.cloud.datastore.core.rep.validator.EntityValidator.validateEntityOrMapValue(EntityValidator.java:550)
	at com.google.cloud.datastore.core.rep.validator.EntityValidator.validateEntityOrMapPropertyValue(EntityValidator.java:485)
	at com.google.cloud.datastore.core.rep.validator.EntityValidator.validatePropertyValue(EntityValidator.java:381)
	at com.google.cloud.datastore.core.rep.validator.EntityValidator.validatePropertyMap(EntityValidator.java:216)
	at com.google.cloud.datastore.core.rep.validator.EntityValidator.validateEntityOrMapValue(EntityValidator.java:535)
	... 87 more
Caused by: com.google.cloud.datastore.core.exception.ValidationException: At most 20 nested array/entity values are supported.
	at com.google.cloud.datastore.core.exception.ValidationException.validateAssertion(ValidationException.java:109)
	at com.google.cloud.datastore.core.rep.validator.EntityValidator.validateEntityOrMapValue(EntityValidator.java:520)
	... 91 more

Jun 25, 2026 6:39:06 PM io.gapi.emulators.netty.HttpVersionRoutingHandler channelRead
INFO: Detected non-HTTP/2 connection.
Jun 25, 2026 6:39:06 PM io.gapi.emulators.netty.HttpVersionRoutingHandler channelRead
INFO: Detected non-HTTP/2 connection.
Jun 25, 2026 6:39:06 PM com.google.cloud.datastore.emulator.firestore.webchannel.FirestoreV1WebChannelAdapter$FirestoreWriteHandler onClose
INFO: channel closed
Jun 25, 2026 6:39:07 PM io.gapi.emulators.netty.HttpVersionRoutingHandler channelRead
INFO: Detected non-HTTP/2 connection.
Jun 25, 2026 6:39:07 PM io.gapi.emulators.netty.HttpVersionRoutingHandler channelRead
INFO: Detected non-HTTP/2 connection.
Jun 25, 2026 6:39:07 PM io.gapi.emulators.netty.HttpVersionRoutingHandler channelRead
INFO: Detected non-HTTP/2 connection.
Jun 25, 2026 6:39:07 PM io.gapi.emulators.netty.HttpVersionRoutingHandler channelRead
INFO: Detected non-HTTP/2 connection.
Jun 25, 2026 6:40:07 PM io.gapi.emulators.netty.HttpVersionRoutingHandler channelRead
INFO: Detected non-HTTP/2 connection.
Jun 25, 2026 6:40:08 PM io.gapi.emulators.netty.HttpVersionRoutingHandler channelRead
INFO: Detected non-HTTP/2 connection.
Jun 25, 2026 6:40:08 PM com.google.cloud.datastore.emulator.firestore.webchannel.FirestoreV1WebChannelAdapter$FirestoreListenHandler onClose
INFO: channel closed
Jun 25, 2026 6:40:55 PM io.gapi.emulators.netty.HttpVersionRoutingHandler channelRead
INFO: Detected non-HTTP/2 connection.
Jun 25, 2026 6:40:55 PM io.gapi.emulators.netty.HttpVersionRoutingHandler channelRead
INFO: Detected non-HTTP/2 connection.
Jun 25, 2026 6:40:55 PM io.gapi.emulators.netty.HttpVersionRoutingHandler channelRead
INFO: Detected non-HTTP/2 connection.
Jun 25, 2026 6:40:55 PM io.gapi.emulators.netty.HttpVersionRoutingHandler channelRead
INFO: Detected non-HTTP/2 connection.
Jun 25, 2026 6:40:55 PM io.gapi.emulators.netty.HttpVersionRoutingHandler channelRead
INFO: Detected non-HTTP/2 connection.
Jun 25, 2026 6:40:55 PM io.gapi.emulators.netty.HttpVersionRoutingHandler channelRead
INFO: Detected non-HTTP/2 connection.
Jun 25, 2026 6:40:55 PM io.gapi.emulators.netty.HttpVersionRoutingHandler channelRead
INFO: Detected non-HTTP/2 connection.
Jun 25, 2026 6:40:55 PM io.gapi.emulators.netty.HttpVersionRoutingHandler channelRead
INFO: Detected non-HTTP/2 connection.
Jun 25, 2026 6:40:55 PM io.gapi.emulators.netty.HttpVersionRoutingHandler channelRead
INFO: Detected non-HTTP/2 connection.
Jun 25, 2026 6:40:55 PM io.gapi.emulators.netty.HttpVersionRoutingHandler channelRead
INFO: Detected non-HTTP/2 connection.
Jun 25, 2026 6:40:55 PM io.gapi.emulators.netty.HttpVersionRoutingHandler channelRead
INFO: Detected non-HTTP/2 connection.
Jun 25, 2026 6:40:55 PM io.gapi.emulators.netty.HttpVersionRoutingHandler channelRead
INFO: Detected non-HTTP/2 connection.
Jun 25, 2026 6:40:56 PM io.gapi.emulators.netty.HttpVersionRoutingHandler channelRead
INFO: Detected non-HTTP/2 connection.
Jun 25, 2026 6:40:56 PM io.gapi.emulators.netty.HttpVersionRoutingHandler channelRead
INFO: Detected non-HTTP/2 connection.
Jun 25, 2026 6:40:56 PM io.gapi.emulators.netty.HttpVersionRoutingHandler channelRead
INFO: Detected non-HTTP/2 connection.
Jun 25, 2026 6:40:56 PM io.gapi.emulators.netty.HttpVersionRoutingHandler channelRead
INFO: Detected non-HTTP/2 connection.
Jun 25, 2026 6:40:56 PM io.gapi.emulators.netty.HttpVersionRoutingHandler channelRead
INFO: Detected non-HTTP/2 connection.
Jun 25, 2026 6:40:56 PM io.gapi.emulators.netty.HttpVersionRoutingHandler channelRead
INFO: Detected non-HTTP/2 connection.
Jun 25, 2026 6:40:56 PM io.gapi.emulators.netty.HttpVersionRoutingHandler channelRead
INFO: Detected non-HTTP/2 connection.
Jun 25, 2026 6:40:56 PM io.gapi.emulators.netty.HttpVersionRoutingHandler channelRead
INFO: Detected non-HTTP/2 connection.
Jun 25, 2026 6:40:56 PM io.gapi.emulators.netty.HttpVersionRoutingHandler channelRead
INFO: Detected non-HTTP/2 connection.
Jun 25, 2026 6:40:56 PM io.gapi.emulators.netty.HttpVersionRoutingHandler channelRead
INFO: Detected non-HTTP/2 connection.
Jun 25, 2026 6:40:56 PM io.gapi.emulators.netty.HttpVersionRoutingHandler channelRead
INFO: Detected non-HTTP/2 connection.
Jun 25, 2026 6:40:56 PM io.gapi.emulators.netty.HttpVersionRoutingHandler channelRead
INFO: Detected non-HTTP/2 connection.
Jun 25, 2026 6:40:56 PM io.gapi.emulators.netty.HttpVersionRoutingHandler channelRead
INFO: Detected non-HTTP/2 connection.
Jun 25, 2026 6:40:56 PM io.gapi.emulators.netty.HttpVersionRoutingHandler channelRead
INFO: Detected non-HTTP/2 connection.
Jun 25, 2026 6:40:56 PM com.google.cloud.datastore.emulator.impl.util.WrappedStreamObserver onError
WARNING: Operation failed: Property session contains an invalid nested entity.
com.google.cloud.datastore.core.exception.ValidationException: Property session contains an invalid nested entity.
	at com.google.cloud.datastore.core.rep.validator.EntityValidator.validateEntityOrMapValue(EntityValidator.java:550)
	at com.google.cloud.datastore.core.rep.validator.EntityValidator.validateEntityOrMapPropertyValue(EntityValidator.java:485)
	at com.google.cloud.datastore.core.rep.validator.EntityValidator.validatePropertyValue(EntityValidator.java:381)
	at com.google.cloud.datastore.core.rep.validator.EntityValidator.validatePropertyMap(EntityValidator.java:216)
	at com.google.cloud.datastore.core.rep.validator.EntityValidator.validateEntity(EntityValidator.java:178)
	at com.google.cloud.datastore.core.rep.validator.EntityValidator.validateEntity(EntityValidator.java:104)
	at com.google.cloud.datastore.emulator.impl.validators.CloudFirestoreEmulatorInternalValidator.validateWrite(CloudFirestoreEmulatorInternalValidator.java:60)
	at com.google.cloud.datastore.emulator.impl.firestore.FirestoreEmulatorHelper.internalCommit(FirestoreEmulatorHelper.java:329)
	at com.google.cloud.datastore.emulator.impl.firestore.CloudFirestoreV1.internalCommit(CloudFirestoreV1.java:1245)
	at com.google.cloud.datastore.emulator.impl.firestore.CloudFirestoreV1.write(CloudFirestoreV1.java:1232)
	at com.google.cloud.datastore.emulator.impl.firestore.CloudFirestoreV1WriteStream.handleRequest(CloudFirestoreV1WriteStream.java:222)
	at com.google.cloud.datastore.emulator.impl.firestore.CloudFirestoreV1WriteStream.write(CloudFirestoreV1WriteStream.java:144)
	at com.google.cloud.datastore.emulator.impl.firestore.CloudFirestoreV1WriteStream.onNext(CloudFirestoreV1WriteStream.java:99)
	at com.google.cloud.datastore.emulator.impl.firestore.CloudFirestoreV1WriteStream.onNext(CloudFirestoreV1WriteStream.java:27)
	at com.google.cloud.datastore.emulator.firestore.webchannel.FirestoreV1WebChannelAdapter$FirestoreWriteHandler.onMessage(FirestoreV1WebChannelAdapter.java:160)
	at com.google.cloud.datastore.emulator.firestore.webchannel.FirestoreV1WebChannelAdapter$FirestoreWriteHandler.onMessage(FirestoreV1WebChannelAdapter.java:130)
	at com.google.net.webchannel.server.v8.ChannelInternalImpl.onMessage(ChannelInternalImpl.java:525)
	at com.google.net.webchannel.server.v8.ForwardChannel.deliverMessage(ForwardChannel.java:114)
	at com.google.net.webchannel.server.v8.ForwardChannel.processPendingRequest(ForwardChannel.java:93)
	at com.google.net.webchannel.server.v8.ForwardChannel.consume(ForwardChannel.java:67)
	at com.google.net.webchannel.server.v8.ForwardChannel.add(ForwardChannel.java:60)
	at com.google.net.webchannel.server.v8.ChannelInternalImpl.handleRequestBody(ChannelInternalImpl.java:290)
	at com.google.net.webchannel.server.v8.ChannelInternalImpl.processSessionRequest(ChannelInternalImpl.java:357)
	at com.google.net.webchannel.server.v8.ChannelInternalImpl.handle(ChannelInternalImpl.java:172)
	at com.google.net.webchannel.server.v8.ChannelInternalImpl.consume(ChannelInternalImpl.java:91)
	at com.google.net.webchannel.server.common.ChannelProcessor.run(ChannelProcessor.java:86)
Caused by: com.google.cloud.datastore.core.exception.ValidationException: Property array contains an invalid nested entity.
	at com.google.cloud.datastore.core.rep.validator.EntityValidator.validateEntityOrMapValue(EntityValidator.java:550)
	at com.google.cloud.datastore.core.rep.validator.EntityValidator.validateEntityOrMapPropertyValue(EntityValidator.java:485)
	at com.google.cloud.datastore.core.rep.validator.EntityValidator.validatePropertyValue(EntityValidator.java:381)
	at com.google.cloud.datastore.core.rep.validator.EntityValidator.validateArray(EntityValidator.java:248)
	at com.google.cloud.datastore.core.rep.validator.EntityValidator.validatePropertyValue(EntityValidator.java:403)
	at com.google.cloud.datastore.core.rep.validator.EntityValidator.validatePropertyMap(EntityValidator.java:216)
	at com.google.cloud.datastore.core.rep.validator.EntityValidator.validateEntityOrMapValue(EntityValidator.java:535)
	... 25 more
Caused by: com.google.cloud.datastore.core.exception.ValidationException: Property session contains an invalid nested entity.
	at com.google.cloud.datastore.core.rep.validator.EntityValidator.validateEntityOrMapValue(EntityValidator.java:550)
	at com.google.cloud.datastore.core.rep.validator.EntityValidator.validateEntityOrMapPropertyValue(EntityValidator.java:485)
	at com.google.cloud.datastore.core.rep.validator.EntityValidator.validatePropertyValue(EntityValidator.java:381)
	at com.google.cloud.datastore.core.rep.validator.EntityValidator.validatePropertyMap(EntityValidator.java:216)
	at com.google.cloud.datastore.core.rep.validator.EntityValidator.validateEntityOrMapValue(EntityValidator.java:535)
	... 31 more
Caused by: com.google.cloud.datastore.core.exception.ValidationException: Property array contains an invalid nested entity.
	at com.google.cloud.datastore.core.rep.validator.EntityValidator.validateEntityOrMapValue(EntityValidator.java:550)
	at com.google.cloud.datastore.core.rep.validator.EntityValidator.validateEntityOrMapPropertyValue(EntityValidator.java:485)
	at com.google.cloud.datastore.core.rep.validator.EntityValidator.validatePropertyValue(EntityValidator.java:381)
	at com.google.cloud.datastore.core.rep.validator.EntityValidator.validateArray(EntityValidator.java:248)
	at com.google.cloud.datastore.core.rep.validator.EntityValidator.validatePropertyValue(EntityValidator.java:403)
	at com.google.cloud.datastore.core.rep.validator.EntityValidator.validatePropertyMap(EntityValidator.java:216)
	at com.google.cloud.datastore.core.rep.validator.EntityValidator.validateEntityOrMapValue(EntityValidator.java:535)
	... 35 more
Caused by: com.google.cloud.datastore.core.exception.ValidationException: Property session contains an invalid nested entity.
	at com.google.cloud.datastore.core.rep.validator.EntityValidator.validateEntityOrMapValue(EntityValidator.java:550)
	at com.google.cloud.datastore.core.rep.validator.EntityValidator.validateEntityOrMapPropertyValue(EntityValidator.java:485)
	at com.google.cloud.datastore.core.rep.validator.EntityValidator.validatePropertyValue(EntityValidator.java:381)
	at com.google.cloud.datastore.core.rep.validator.EntityValidator.validatePropertyMap(EntityValidator.java:216)
	at com.google.cloud.datastore.core.rep.validator.EntityValidator.validateEntityOrMapValue(EntityValidator.java:535)
	... 41 more
Caused by: com.google.cloud.datastore.core.exception.ValidationException: Property array contains an invalid nested entity.
	at com.google.cloud.datastore.core.rep.validator.EntityValidator.validateEntityOrMapValue(EntityValidator.java:550)
	at com.google.cloud.datastore.core.rep.validator.EntityValidator.validateEntityOrMapPropertyValue(EntityValidator.java:485)
	at com.google.cloud.datastore.core.rep.validator.EntityValidator.validatePropertyValue(EntityValidator.java:381)
	at com.google.cloud.datastore.core.rep.validator.EntityValidator.validateArray(EntityValidator.java:248)
	at com.google.cloud.datastore.core.rep.validator.EntityValidator.validatePropertyValue(EntityValidator.java:403)
	at com.google.cloud.datastore.core.rep.validator.EntityValidator.validatePropertyMap(EntityValidator.java:216)
	at com.google.cloud.datastore.core.rep.validator.EntityValidator.validateEntityOrMapValue(EntityValidator.java:535)
	... 45 more
Caused by: com.google.cloud.datastore.core.exception.ValidationException: Property session contains an invalid nested entity.
	at com.google.cloud.datastore.core.rep.validator.EntityValidator.validateEntityOrMapValue(EntityValidator.java:550)
	at com.google.cloud.datastore.core.rep.validator.EntityValidator.validateEntityOrMapPropertyValue(EntityValidator.java:485)
	at com.google.cloud.datastore.core.rep.validator.EntityValidator.validatePropertyValue(EntityValidator.java:381)
	at com.google.cloud.datastore.core.rep.validator.EntityValidator.validatePropertyMap(EntityValidator.java:216)
	at com.google.cloud.datastore.core.rep.validator.EntityValidator.validateEntityOrMapValue(EntityValidator.java:535)
	... 51 more
Caused by: com.google.cloud.datastore.core.exception.ValidationException: Property array contains an invalid nested entity.
	at com.google.cloud.datastore.core.rep.validator.EntityValidator.validateEntityOrMapValue(EntityValidator.java:550)
	at com.google.cloud.datastore.core.rep.validator.EntityValidator.validateEntityOrMapPropertyValue(EntityValidator.java:485)
	at com.google.cloud.datastore.core.rep.validator.EntityValidator.validatePropertyValue(EntityValidator.java:381)
	at com.google.cloud.datastore.core.rep.validator.EntityValidator.validateArray(EntityValidator.java:248)
	at com.google.cloud.datastore.core.rep.validator.EntityValidator.validatePropertyValue(EntityValidator.java:403)
	at com.google.cloud.datastore.core.rep.validator.EntityValidator.validatePropertyMap(EntityValidator.java:216)
	at com.google.cloud.datastore.core.rep.validator.EntityValidator.validateEntityOrMapValue(EntityValidator.java:535)
	... 55 more
Caused by: com.google.cloud.datastore.core.exception.ValidationException: Property session contains an invalid nested entity.
	at com.google.cloud.datastore.core.rep.validator.EntityValidator.validateEntityOrMapValue(EntityValidator.java:550)
	at com.google.cloud.datastore.core.rep.validator.EntityValidator.validateEntityOrMapPropertyValue(EntityValidator.java:485)
	at com.google.cloud.datastore.core.rep.validator.EntityValidator.validatePropertyValue(EntityValidator.java:381)
	at com.google.cloud.datastore.core.rep.validator.EntityValidator.validatePropertyMap(EntityValidator.java:216)
	at com.google.cloud.datastore.core.rep.validator.EntityValidator.validateEntityOrMapValue(EntityValidator.java:535)
	... 61 more
Caused by: com.google.cloud.datastore.core.exception.ValidationException: Property array contains an invalid nested entity.
	at com.google.cloud.datastore.core.rep.validator.EntityValidator.validateEntityOrMapValue(EntityValidator.java:550)
	at com.google.cloud.datastore.core.rep.validator.EntityValidator.validateEntityOrMapPropertyValue(EntityValidator.java:485)
	at com.google.cloud.datastore.core.rep.validator.EntityValidator.validatePropertyValue(EntityValidator.java:381)
	at com.google.cloud.datastore.core.rep.validator.EntityValidator.validateArray(EntityValidator.java:248)
	at com.google.cloud.datastore.core.rep.validator.EntityValidator.validatePropertyValue(EntityValidator.java:403)
	at com.google.cloud.datastore.core.rep.validator.EntityValidator.validatePropertyMap(EntityValidator.java:216)
	at com.google.cloud.datastore.core.rep.validator.EntityValidator.validateEntityOrMapValue(EntityValidator.java:535)
	... 65 more
Caused by: com.google.cloud.datastore.core.exception.ValidationException: Property session contains an invalid nested entity.
	at com.google.cloud.datastore.core.rep.validator.EntityValidator.validateEntityOrMapValue(EntityValidator.java:550)
	at com.google.cloud.datastore.core.rep.validator.EntityValidator.validateEntityOrMapPropertyValue(EntityValidator.java:485)
	at com.google.cloud.datastore.core.rep.validator.EntityValidator.validatePropertyValue(EntityValidator.java:381)
	at com.google.cloud.datastore.core.rep.validator.EntityValidator.validatePropertyMap(EntityValidator.java:216)
	at com.google.cloud.datastore.core.rep.validator.EntityValidator.validateEntityOrMapValue(EntityValidator.java:535)
	... 71 more
Caused by: com.google.cloud.datastore.core.exception.ValidationException: Property array contains an invalid nested entity.
	at com.google.cloud.datastore.core.rep.validator.EntityValidator.validateEntityOrMapValue(EntityValidator.java:550)
	at com.google.cloud.datastore.core.rep.validator.EntityValidator.validateEntityOrMapPropertyValue(EntityValidator.java:485)
	at com.google.cloud.datastore.core.rep.validator.EntityValidator.validatePropertyValue(EntityValidator.java:381)
	at com.google.cloud.datastore.core.rep.validator.EntityValidator.validateArray(EntityValidator.java:248)
	at com.google.cloud.datastore.core.rep.validator.EntityValidator.validatePropertyValue(EntityValidator.java:403)
	at com.google.cloud.datastore.core.rep.validator.EntityValidator.validatePropertyMap(EntityValidator.java:216)
	at com.google.cloud.datastore.core.rep.validator.EntityValidator.validateEntityOrMapValue(EntityValidator.java:535)
	... 75 more
Caused by: com.google.cloud.datastore.core.exception.ValidationException: Property array contains an invalid nested entity.
	at com.google.cloud.datastore.core.rep.validator.EntityValidator.validateEntityOrMapValue(EntityValidator.java:550)
	at com.google.cloud.datastore.core.rep.validator.EntityValidator.validateEntityOrMapPropertyValue(EntityValidator.java:485)
	at com.google.cloud.datastore.core.rep.validator.EntityValidator.validatePropertyValue(EntityValidator.java:381)
	at com.google.cloud.datastore.core.rep.validator.EntityValidator.validateArray(EntityValidator.java:248)
	at com.google.cloud.datastore.core.rep.validator.EntityValidator.validatePropertyValue(EntityValidator.java:403)
	at com.google.cloud.datastore.core.rep.validator.EntityValidator.validatePropertyMap(EntityValidator.java:216)
	at com.google.cloud.datastore.core.rep.validator.EntityValidator.validateEntityOrMapValue(EntityValidator.java:535)
	... 81 more
Caused by: com.google.cloud.datastore.core.exception.ValidationException: Property data contains an invalid nested entity.
	at com.google.cloud.datastore.core.rep.validator.EntityValidator.validateEntityOrMapValue(EntityValidator.java:550)
	at com.google.cloud.datastore.core.rep.validator.EntityValidator.validateEntityOrMapPropertyValue(EntityValidator.java:485)
	at com.google.cloud.datastore.core.rep.validator.EntityValidator.validatePropertyValue(EntityValidator.java:381)
	at com.google.cloud.datastore.core.rep.validator.EntityValidator.validatePropertyMap(EntityValidator.java:216)
	at com.google.cloud.datastore.core.rep.validator.EntityValidator.validateEntityOrMapValue(EntityValidator.java:535)
	... 87 more
Caused by: com.google.cloud.datastore.core.exception.ValidationException: At most 20 nested array/entity values are supported.
	at com.google.cloud.datastore.core.exception.ValidationException.validateAssertion(ValidationException.java:109)
	at com.google.cloud.datastore.core.rep.validator.EntityValidator.validateEntityOrMapValue(EntityValidator.java:520)
	... 91 more

Jun 25, 2026 6:40:56 PM io.gapi.emulators.netty.HttpVersionRoutingHandler channelRead
INFO: Detected non-HTTP/2 connection.
Jun 25, 2026 6:40:56 PM com.google.cloud.datastore.emulator.firestore.webchannel.FirestoreV1WebChannelAdapter$FirestoreWriteHandler onClose
INFO: channel closed
Jun 25, 2026 6:40:56 PM io.gapi.emulators.netty.HttpVersionRoutingHandler channelRead
INFO: Detected non-HTTP/2 connection.
Jun 25, 2026 6:40:56 PM io.gapi.emulators.netty.HttpVersionRoutingHandler channelRead
INFO: Detected non-HTTP/2 connection.
Jun 25, 2026 6:40:56 PM io.gapi.emulators.netty.HttpVersionRoutingHandler channelRead
INFO: Detected non-HTTP/2 connection.
Jun 25, 2026 6:40:56 PM io.gapi.emulators.netty.HttpVersionRoutingHandler channelRead
INFO: Detected non-HTTP/2 connection.
Jun 25, 2026 6:40:56 PM io.gapi.emulators.netty.HttpVersionRoutingHandler channelRead
INFO: Detected non-HTTP/2 connection.
Jun 25, 2026 6:41:03 PM io.gapi.emulators.netty.HttpVersionRoutingHandler channelRead
INFO: Detected non-HTTP/2 connection.
Jun 25, 2026 6:41:03 PM io.gapi.emulators.netty.HttpVersionRoutingHandler channelRead
INFO: Detected non-HTTP/2 connection.
Jun 25, 2026 6:41:03 PM io.gapi.emulators.netty.HttpVersionRoutingHandler channelRead
INFO: Detected non-HTTP/2 connection.
Jun 25, 2026 6:41:03 PM io.gapi.emulators.netty.HttpVersionRoutingHandler channelRead
INFO: Detected non-HTTP/2 connection.
Jun 25, 2026 6:41:03 PM io.gapi.emulators.netty.HttpVersionRoutingHandler channelRead
INFO: Detected non-HTTP/2 connection.
Jun 25, 2026 6:41:03 PM io.gapi.emulators.netty.HttpVersionRoutingHandler channelRead
INFO: Detected non-HTTP/2 connection.
Jun 25, 2026 6:41:03 PM io.gapi.emulators.netty.HttpVersionRoutingHandler channelRead
INFO: Detected non-HTTP/2 connection.
Jun 25, 2026 6:41:03 PM io.gapi.emulators.netty.HttpVersionRoutingHandler channelRead
INFO: Detected non-HTTP/2 connection.
Jun 25, 2026 6:41:03 PM io.gapi.emulators.netty.HttpVersionRoutingHandler channelRead
INFO: Detected non-HTTP/2 connection.
Jun 25, 2026 6:41:03 PM io.gapi.emulators.netty.HttpVersionRoutingHandler channelRead
INFO: Detected non-HTTP/2 connection.
Jun 25, 2026 6:41:03 PM io.gapi.emulators.netty.HttpVersionRoutingHandler channelRead
INFO: Detected non-HTTP/2 connection.
Jun 25, 2026 6:41:03 PM io.gapi.emulators.netty.HttpVersionRoutingHandler channelRead
INFO: Detected non-HTTP/2 connection.
Jun 25, 2026 6:41:03 PM io.gapi.emulators.netty.HttpVersionRoutingHandler channelRead
INFO: Detected non-HTTP/2 connection.
Jun 25, 2026 6:41:03 PM io.gapi.emulators.netty.HttpVersionRoutingHandler channelRead
INFO: Detected non-HTTP/2 connection.
Jun 25, 2026 6:41:03 PM io.gapi.emulators.netty.HttpVersionRoutingHandler channelRead
INFO: Detected non-HTTP/2 connection.
Jun 25, 2026 6:41:03 PM io.gapi.emulators.netty.HttpVersionRoutingHandler channelRead
INFO: Detected non-HTTP/2 connection.
Jun 25, 2026 6:41:03 PM io.gapi.emulators.netty.HttpVersionRoutingHandler channelRead
INFO: Detected non-HTTP/2 connection.
Jun 25, 2026 6:41:03 PM io.gapi.emulators.netty.HttpVersionRoutingHandler channelRead
INFO: Detected non-HTTP/2 connection.
Jun 25, 2026 6:41:03 PM io.gapi.emulators.netty.HttpVersionRoutingHandler channelRead
INFO: Detected non-HTTP/2 connection.
Jun 25, 2026 6:41:03 PM io.gapi.emulators.netty.HttpVersionRoutingHandler channelRead
INFO: Detected non-HTTP/2 connection.
Jun 25, 2026 6:41:03 PM io.gapi.emulators.netty.HttpVersionRoutingHandler channelRead
INFO: Detected non-HTTP/2 connection.
Jun 25, 2026 6:41:03 PM io.gapi.emulators.netty.HttpVersionRoutingHandler channelRead
INFO: Detected non-HTTP/2 connection.
Jun 25, 2026 6:41:03 PM io.gapi.emulators.netty.HttpVersionRoutingHandler channelRead
INFO: Detected non-HTTP/2 connection.
Jun 25, 2026 6:41:03 PM io.gapi.emulators.netty.HttpVersionRoutingHandler channelRead
INFO: Detected non-HTTP/2 connection.
Jun 25, 2026 6:41:03 PM io.gapi.emulators.netty.HttpVersionRoutingHandler channelRead
INFO: Detected non-HTTP/2 connection.
Jun 25, 2026 6:41:04 PM io.gapi.emulators.netty.HttpVersionRoutingHandler channelRead
INFO: Detected non-HTTP/2 connection.
Jun 25, 2026 6:41:04 PM com.google.cloud.datastore.emulator.impl.util.WrappedStreamObserver onError
WARNING: Operation failed: Property session contains an invalid nested entity.
com.google.cloud.datastore.core.exception.ValidationException: Property session contains an invalid nested entity.
	at com.google.cloud.datastore.core.rep.validator.EntityValidator.validateEntityOrMapValue(EntityValidator.java:550)
	at com.google.cloud.datastore.core.rep.validator.EntityValidator.validateEntityOrMapPropertyValue(EntityValidator.java:485)
	at com.google.cloud.datastore.core.rep.validator.EntityValidator.validatePropertyValue(EntityValidator.java:381)
	at com.google.cloud.datastore.core.rep.validator.EntityValidator.validatePropertyMap(EntityValidator.java:216)
	at com.google.cloud.datastore.core.rep.validator.EntityValidator.validateEntity(EntityValidator.java:178)
	at com.google.cloud.datastore.core.rep.validator.EntityValidator.validateEntity(EntityValidator.java:104)
	at com.google.cloud.datastore.emulator.impl.validators.CloudFirestoreEmulatorInternalValidator.validateWrite(CloudFirestoreEmulatorInternalValidator.java:60)
	at com.google.cloud.datastore.emulator.impl.firestore.FirestoreEmulatorHelper.internalCommit(FirestoreEmulatorHelper.java:329)
	at com.google.cloud.datastore.emulator.impl.firestore.CloudFirestoreV1.internalCommit(CloudFirestoreV1.java:1245)
	at com.google.cloud.datastore.emulator.impl.firestore.CloudFirestoreV1.write(CloudFirestoreV1.java:1232)
	at com.google.cloud.datastore.emulator.impl.firestore.CloudFirestoreV1WriteStream.handleRequest(CloudFirestoreV1WriteStream.java:222)
	at com.google.cloud.datastore.emulator.impl.firestore.CloudFirestoreV1WriteStream.write(CloudFirestoreV1WriteStream.java:144)
	at com.google.cloud.datastore.emulator.impl.firestore.CloudFirestoreV1WriteStream.onNext(CloudFirestoreV1WriteStream.java:99)
	at com.google.cloud.datastore.emulator.impl.firestore.CloudFirestoreV1WriteStream.onNext(CloudFirestoreV1WriteStream.java:27)
	at com.google.cloud.datastore.emulator.firestore.webchannel.FirestoreV1WebChannelAdapter$FirestoreWriteHandler.onMessage(FirestoreV1WebChannelAdapter.java:160)
	at com.google.cloud.datastore.emulator.firestore.webchannel.FirestoreV1WebChannelAdapter$FirestoreWriteHandler.onMessage(FirestoreV1WebChannelAdapter.java:130)
	at com.google.net.webchannel.server.v8.ChannelInternalImpl.onMessage(ChannelInternalImpl.java:525)
	at com.google.net.webchannel.server.v8.ForwardChannel.deliverMessage(ForwardChannel.java:114)
	at com.google.net.webchannel.server.v8.ForwardChannel.processPendingRequest(ForwardChannel.java:93)
	at com.google.net.webchannel.server.v8.ForwardChannel.consume(ForwardChannel.java:67)
	at com.google.net.webchannel.server.v8.ForwardChannel.add(ForwardChannel.java:60)
	at com.google.net.webchannel.server.v8.ChannelInternalImpl.handleRequestBody(ChannelInternalImpl.java:290)
	at com.google.net.webchannel.server.v8.ChannelInternalImpl.processSessionRequest(ChannelInternalImpl.java:357)
	at com.google.net.webchannel.server.v8.ChannelInternalImpl.handle(ChannelInternalImpl.java:172)
	at com.google.net.webchannel.server.v8.ChannelInternalImpl.consume(ChannelInternalImpl.java:91)
	at com.google.net.webchannel.server.common.ChannelProcessor.run(ChannelProcessor.java:86)
Caused by: com.google.cloud.datastore.core.exception.ValidationException: Property array contains an invalid nested entity.
	at com.google.cloud.datastore.core.rep.validator.EntityValidator.validateEntityOrMapValue(EntityValidator.java:550)
	at com.google.cloud.datastore.core.rep.validator.EntityValidator.validateEntityOrMapPropertyValue(EntityValidator.java:485)
	at com.google.cloud.datastore.core.rep.validator.EntityValidator.validatePropertyValue(EntityValidator.java:381)
	at com.google.cloud.datastore.core.rep.validator.EntityValidator.validateArray(EntityValidator.java:248)
	at com.google.cloud.datastore.core.rep.validator.EntityValidator.validatePropertyValue(EntityValidator.java:403)
	at com.google.cloud.datastore.core.rep.validator.EntityValidator.validatePropertyMap(EntityValidator.java:216)
	at com.google.cloud.datastore.core.rep.validator.EntityValidator.validateEntityOrMapValue(EntityValidator.java:535)
	... 25 more
Caused by: com.google.cloud.datastore.core.exception.ValidationException: Property session contains an invalid nested entity.
	at com.google.cloud.datastore.core.rep.validator.EntityValidator.validateEntityOrMapValue(EntityValidator.java:550)
	at com.google.cloud.datastore.core.rep.validator.EntityValidator.validateEntityOrMapPropertyValue(EntityValidator.java:485)
	at com.google.cloud.datastore.core.rep.validator.EntityValidator.validatePropertyValue(EntityValidator.java:381)
	at com.google.cloud.datastore.core.rep.validator.EntityValidator.validatePropertyMap(EntityValidator.java:216)
	at com.google.cloud.datastore.core.rep.validator.EntityValidator.validateEntityOrMapValue(EntityValidator.java:535)
	... 31 more
Caused by: com.google.cloud.datastore.core.exception.ValidationException: Property array contains an invalid nested entity.
	at com.google.cloud.datastore.core.rep.validator.EntityValidator.validateEntityOrMapValue(EntityValidator.java:550)
	at com.google.cloud.datastore.core.rep.validator.EntityValidator.validateEntityOrMapPropertyValue(EntityValidator.java:485)
	at com.google.cloud.datastore.core.rep.validator.EntityValidator.validatePropertyValue(EntityValidator.java:381)
	at com.google.cloud.datastore.core.rep.validator.EntityValidator.validateArray(EntityValidator.java:248)
	at com.google.cloud.datastore.core.rep.validator.EntityValidator.validatePropertyValue(EntityValidator.java:403)
	at com.google.cloud.datastore.core.rep.validator.EntityValidator.validatePropertyMap(EntityValidator.java:216)
	at com.google.cloud.datastore.core.rep.validator.EntityValidator.validateEntityOrMapValue(EntityValidator.java:535)
	... 35 more
Caused by: com.google.cloud.datastore.core.exception.ValidationException: Property session contains an invalid nested entity.
	at com.google.cloud.datastore.core.rep.validator.EntityValidator.validateEntityOrMapValue(EntityValidator.java:550)
	at com.google.cloud.datastore.core.rep.validator.EntityValidator.validateEntityOrMapPropertyValue(EntityValidator.java:485)
	at com.google.cloud.datastore.core.rep.validator.EntityValidator.validatePropertyValue(EntityValidator.java:381)
	at com.google.cloud.datastore.core.rep.validator.EntityValidator.validatePropertyMap(EntityValidator.java:216)
	at com.google.cloud.datastore.core.rep.validator.EntityValidator.validateEntityOrMapValue(EntityValidator.java:535)
	... 41 more
Caused by: com.google.cloud.datastore.core.exception.ValidationException: Property array contains an invalid nested entity.
	at com.google.cloud.datastore.core.rep.validator.EntityValidator.validateEntityOrMapValue(EntityValidator.java:550)
	at com.google.cloud.datastore.core.rep.validator.EntityValidator.validateEntityOrMapPropertyValue(EntityValidator.java:485)
	at com.google.cloud.datastore.core.rep.validator.EntityValidator.validatePropertyValue(EntityValidator.java:381)
	at com.google.cloud.datastore.core.rep.validator.EntityValidator.validateArray(EntityValidator.java:248)
	at com.google.cloud.datastore.core.rep.validator.EntityValidator.validatePropertyValue(EntityValidator.java:403)
	at com.google.cloud.datastore.core.rep.validator.EntityValidator.validatePropertyMap(EntityValidator.java:216)
	at com.google.cloud.datastore.core.rep.validator.EntityValidator.validateEntityOrMapValue(EntityValidator.java:535)
	... 45 more
Caused by: com.google.cloud.datastore.core.exception.ValidationException: Property session contains an invalid nested entity.
	at com.google.cloud.datastore.core.rep.validator.EntityValidator.validateEntityOrMapValue(EntityValidator.java:550)
	at com.google.cloud.datastore.core.rep.validator.EntityValidator.validateEntityOrMapPropertyValue(EntityValidator.java:485)
	at com.google.cloud.datastore.core.rep.validator.EntityValidator.validatePropertyValue(EntityValidator.java:381)
	at com.google.cloud.datastore.core.rep.validator.EntityValidator.validatePropertyMap(EntityValidator.java:216)
	at com.google.cloud.datastore.core.rep.validator.EntityValidator.validateEntityOrMapValue(EntityValidator.java:535)
	... 51 more
Caused by: com.google.cloud.datastore.core.exception.ValidationException: Property array contains an invalid nested entity.
	at com.google.cloud.datastore.core.rep.validator.EntityValidator.validateEntityOrMapValue(EntityValidator.java:550)
	at com.google.cloud.datastore.core.rep.validator.EntityValidator.validateEntityOrMapPropertyValue(EntityValidator.java:485)
	at com.google.cloud.datastore.core.rep.validator.EntityValidator.validatePropertyValue(EntityValidator.java:381)
	at com.google.cloud.datastore.core.rep.validator.EntityValidator.validateArray(EntityValidator.java:248)
	at com.google.cloud.datastore.core.rep.validator.EntityValidator.validatePropertyValue(EntityValidator.java:403)
	at com.google.cloud.datastore.core.rep.validator.EntityValidator.validatePropertyMap(EntityValidator.java:216)
	at com.google.cloud.datastore.core.rep.validator.EntityValidator.validateEntityOrMapValue(EntityValidator.java:535)
	... 55 more
Caused by: com.google.cloud.datastore.core.exception.ValidationException: Property session contains an invalid nested entity.
	at com.google.cloud.datastore.core.rep.validator.EntityValidator.validateEntityOrMapValue(EntityValidator.java:550)
	at com.google.cloud.datastore.core.rep.validator.EntityValidator.validateEntityOrMapPropertyValue(EntityValidator.java:485)
	at com.google.cloud.datastore.core.rep.validator.EntityValidator.validatePropertyValue(EntityValidator.java:381)
	at com.google.cloud.datastore.core.rep.validator.EntityValidator.validatePropertyMap(EntityValidator.java:216)
	at com.google.cloud.datastore.core.rep.validator.EntityValidator.validateEntityOrMapValue(EntityValidator.java:535)
	... 61 more
Caused by: com.google.cloud.datastore.core.exception.ValidationException: Property array contains an invalid nested entity.
	at com.google.cloud.datastore.core.rep.validator.EntityValidator.validateEntityOrMapValue(EntityValidator.java:550)
	at com.google.cloud.datastore.core.rep.validator.EntityValidator.validateEntityOrMapPropertyValue(EntityValidator.java:485)
	at com.google.cloud.datastore.core.rep.validator.EntityValidator.validatePropertyValue(EntityValidator.java:381)
	at com.google.cloud.datastore.core.rep.validator.EntityValidator.validateArray(EntityValidator.java:248)
	at com.google.cloud.datastore.core.rep.validator.EntityValidator.validatePropertyValue(EntityValidator.java:403)
	at com.google.cloud.datastore.core.rep.validator.EntityValidator.validatePropertyMap(EntityValidator.java:216)
	at com.google.cloud.datastore.core.rep.validator.EntityValidator.validateEntityOrMapValue(EntityValidator.java:535)
	... 65 more
Caused by: com.google.cloud.datastore.core.exception.ValidationException: Property session contains an invalid nested entity.
	at com.google.cloud.datastore.core.rep.validator.EntityValidator.validateEntityOrMapValue(EntityValidator.java:550)
	at com.google.cloud.datastore.core.rep.validator.EntityValidator.validateEntityOrMapPropertyValue(EntityValidator.java:485)
	at com.google.cloud.datastore.core.rep.validator.EntityValidator.validatePropertyValue(EntityValidator.java:381)
	at com.google.cloud.datastore.core.rep.validator.EntityValidator.validatePropertyMap(EntityValidator.java:216)
	at com.google.cloud.datastore.core.rep.validator.EntityValidator.validateEntityOrMapValue(EntityValidator.java:535)
	... 71 more
Caused by: com.google.cloud.datastore.core.exception.ValidationException: Property array contains an invalid nested entity.
	at com.google.cloud.datastore.core.rep.validator.EntityValidator.validateEntityOrMapValue(EntityValidator.java:550)
	at com.google.cloud.datastore.core.rep.validator.EntityValidator.validateEntityOrMapPropertyValue(EntityValidator.java:485)
	at com.google.cloud.datastore.core.rep.validator.EntityValidator.validatePropertyValue(EntityValidator.java:381)
	at com.google.cloud.datastore.core.rep.validator.EntityValidator.validateArray(EntityValidator.java:248)
	at com.google.cloud.datastore.core.rep.validator.EntityValidator.validatePropertyValue(EntityValidator.java:403)
	at com.google.cloud.datastore.core.rep.validator.EntityValidator.validatePropertyMap(EntityValidator.java:216)
	at com.google.cloud.datastore.core.rep.validator.EntityValidator.validateEntityOrMapValue(EntityValidator.java:535)
	... 75 more
Caused by: com.google.cloud.datastore.core.exception.ValidationException: Property array contains an invalid nested entity.
	at com.google.cloud.datastore.core.rep.validator.EntityValidator.validateEntityOrMapValue(EntityValidator.java:550)
	at com.google.cloud.datastore.core.rep.validator.EntityValidator.validateEntityOrMapPropertyValue(EntityValidator.java:485)
	at com.google.cloud.datastore.core.rep.validator.EntityValidator.validatePropertyValue(EntityValidator.java:381)
	at com.google.cloud.datastore.core.rep.validator.EntityValidator.validateArray(EntityValidator.java:248)
	at com.google.cloud.datastore.core.rep.validator.EntityValidator.validatePropertyValue(EntityValidator.java:403)
	at com.google.cloud.datastore.core.rep.validator.EntityValidator.validatePropertyMap(EntityValidator.java:216)
	at com.google.cloud.datastore.core.rep.validator.EntityValidator.validateEntityOrMapValue(EntityValidator.java:535)
	... 81 more
Caused by: com.google.cloud.datastore.core.exception.ValidationException: Property data contains an invalid nested entity.
	at com.google.cloud.datastore.core.rep.validator.EntityValidator.validateEntityOrMapValue(EntityValidator.java:550)
	at com.google.cloud.datastore.core.rep.validator.EntityValidator.validateEntityOrMapPropertyValue(EntityValidator.java:485)
	at com.google.cloud.datastore.core.rep.validator.EntityValidator.validatePropertyValue(EntityValidator.java:381)
	at com.google.cloud.datastore.core.rep.validator.EntityValidator.validatePropertyMap(EntityValidator.java:216)
	at com.google.cloud.datastore.core.rep.validator.EntityValidator.validateEntityOrMapValue(EntityValidator.java:535)
	... 87 more
Caused by: com.google.cloud.datastore.core.exception.ValidationException: At most 20 nested array/entity values are supported.
	at com.google.cloud.datastore.core.exception.ValidationException.validateAssertion(ValidationException.java:109)
	at com.google.cloud.datastore.core.rep.validator.EntityValidator.validateEntityOrMapValue(EntityValidator.java:520)
	... 91 more

Jun 25, 2026 6:41:04 PM io.gapi.emulators.netty.HttpVersionRoutingHandler channelRead
INFO: Detected non-HTTP/2 connection.
Jun 25, 2026 6:41:04 PM io.gapi.emulators.netty.HttpVersionRoutingHandler channelRead
INFO: Detected non-HTTP/2 connection.
Jun 25, 2026 6:41:04 PM com.google.cloud.datastore.emulator.firestore.webchannel.FirestoreV1WebChannelAdapter$FirestoreWriteHandler onClose
INFO: channel closed
Jun 25, 2026 6:41:04 PM io.gapi.emulators.netty.HttpVersionRoutingHandler channelRead
INFO: Detected non-HTTP/2 connection.
Jun 25, 2026 6:41:04 PM io.gapi.emulators.netty.HttpVersionRoutingHandler channelRead
INFO: Detected non-HTTP/2 connection.
Jun 25, 2026 6:41:04 PM io.gapi.emulators.netty.HttpVersionRoutingHandler channelRead
INFO: Detected non-HTTP/2 connection.
Jun 25, 2026 6:41:04 PM io.gapi.emulators.netty.HttpVersionRoutingHandler channelRead
INFO: Detected non-HTTP/2 connection.
Jun 25, 2026 6:41:32 PM io.gapi.emulators.netty.HttpVersionRoutingHandler channelRead
INFO: Detected non-HTTP/2 connection.
Jun 25, 2026 6:41:32 PM io.gapi.emulators.netty.HttpVersionRoutingHandler channelRead
INFO: Detected non-HTTP/2 connection.
Jun 25, 2026 6:41:32 PM io.gapi.emulators.netty.HttpVersionRoutingHandler channelRead
INFO: Detected non-HTTP/2 connection.
Jun 25, 2026 6:41:32 PM io.gapi.emulators.netty.HttpVersionRoutingHandler channelRead
INFO: Detected non-HTTP/2 connection.
Jun 25, 2026 6:41:32 PM io.gapi.emulators.netty.HttpVersionRoutingHandler channelRead
INFO: Detected non-HTTP/2 connection.
Jun 25, 2026 6:41:32 PM io.gapi.emulators.netty.HttpVersionRoutingHandler channelRead
INFO: Detected non-HTTP/2 connection.
Jun 25, 2026 6:41:32 PM io.gapi.emulators.netty.HttpVersionRoutingHandler channelRead
INFO: Detected non-HTTP/2 connection.
Jun 25, 2026 6:41:32 PM io.gapi.emulators.netty.HttpVersionRoutingHandler channelRead
INFO: Detected non-HTTP/2 connection.
Jun 25, 2026 6:41:32 PM io.gapi.emulators.netty.HttpVersionRoutingHandler channelRead
INFO: Detected non-HTTP/2 connection.
Jun 25, 2026 6:41:32 PM io.gapi.emulators.netty.HttpVersionRoutingHandler channelRead
INFO: Detected non-HTTP/2 connection.
Jun 25, 2026 6:41:32 PM io.gapi.emulators.netty.HttpVersionRoutingHandler channelRead
INFO: Detected non-HTTP/2 connection.
Jun 25, 2026 6:41:32 PM io.gapi.emulators.netty.HttpVersionRoutingHandler channelRead
INFO: Detected non-HTTP/2 connection.
Jun 25, 2026 6:41:32 PM io.gapi.emulators.netty.HttpVersionRoutingHandler channelRead
INFO: Detected non-HTTP/2 connection.
Jun 25, 2026 6:41:32 PM io.gapi.emulators.netty.HttpVersionRoutingHandler channelRead
INFO: Detected non-HTTP/2 connection.
Jun 25, 2026 6:41:32 PM io.gapi.emulators.netty.HttpVersionRoutingHandler channelRead
INFO: Detected non-HTTP/2 connection.
Jun 25, 2026 6:41:32 PM io.gapi.emulators.netty.HttpVersionRoutingHandler channelRead
INFO: Detected non-HTTP/2 connection.
Jun 25, 2026 6:41:32 PM io.gapi.emulators.netty.HttpVersionRoutingHandler channelRead
INFO: Detected non-HTTP/2 connection.
Jun 25, 2026 6:41:32 PM io.gapi.emulators.netty.HttpVersionRoutingHandler channelRead
INFO: Detected non-HTTP/2 connection.
Jun 25, 2026 6:41:32 PM io.gapi.emulators.netty.HttpVersionRoutingHandler channelRead
INFO: Detected non-HTTP/2 connection.
Jun 25, 2026 6:41:32 PM io.gapi.emulators.netty.HttpVersionRoutingHandler channelRead
INFO: Detected non-HTTP/2 connection.
Jun 25, 2026 6:41:32 PM io.gapi.emulators.netty.HttpVersionRoutingHandler channelRead
INFO: Detected non-HTTP/2 connection.
Jun 25, 2026 6:41:32 PM io.gapi.emulators.netty.HttpVersionRoutingHandler channelRead
INFO: Detected non-HTTP/2 connection.
Jun 25, 2026 6:41:32 PM io.gapi.emulators.netty.HttpVersionRoutingHandler channelRead
INFO: Detected non-HTTP/2 connection.
Jun 25, 2026 6:41:32 PM io.gapi.emulators.netty.HttpVersionRoutingHandler channelRead
INFO: Detected non-HTTP/2 connection.
Jun 25, 2026 6:41:32 PM io.gapi.emulators.netty.HttpVersionRoutingHandler channelRead
INFO: Detected non-HTTP/2 connection.
Jun 25, 2026 6:41:32 PM io.gapi.emulators.netty.HttpVersionRoutingHandler channelRead
INFO: Detected non-HTTP/2 connection.
Jun 25, 2026 6:41:33 PM com.google.cloud.datastore.emulator.impl.util.WrappedStreamObserver onError
WARNING: Operation failed: Property session contains an invalid nested entity.
com.google.cloud.datastore.core.exception.ValidationException: Property session contains an invalid nested entity.
	at com.google.cloud.datastore.core.rep.validator.EntityValidator.validateEntityOrMapValue(EntityValidator.java:550)
	at com.google.cloud.datastore.core.rep.validator.EntityValidator.validateEntityOrMapPropertyValue(EntityValidator.java:485)
	at com.google.cloud.datastore.core.rep.validator.EntityValidator.validatePropertyValue(EntityValidator.java:381)
	at com.google.cloud.datastore.core.rep.validator.EntityValidator.validatePropertyMap(EntityValidator.java:216)
	at com.google.cloud.datastore.core.rep.validator.EntityValidator.validateEntity(EntityValidator.java:178)
	at com.google.cloud.datastore.core.rep.validator.EntityValidator.validateEntity(EntityValidator.java:104)
	at com.google.cloud.datastore.emulator.impl.validators.CloudFirestoreEmulatorInternalValidator.validateWrite(CloudFirestoreEmulatorInternalValidator.java:60)
	at com.google.cloud.datastore.emulator.impl.firestore.FirestoreEmulatorHelper.internalCommit(FirestoreEmulatorHelper.java:329)
	at com.google.cloud.datastore.emulator.impl.firestore.CloudFirestoreV1.internalCommit(CloudFirestoreV1.java:1245)
	at com.google.cloud.datastore.emulator.impl.firestore.CloudFirestoreV1.write(CloudFirestoreV1.java:1232)
	at com.google.cloud.datastore.emulator.impl.firestore.CloudFirestoreV1WriteStream.handleRequest(CloudFirestoreV1WriteStream.java:222)
	at com.google.cloud.datastore.emulator.impl.firestore.CloudFirestoreV1WriteStream.write(CloudFirestoreV1WriteStream.java:144)
	at com.google.cloud.datastore.emulator.impl.firestore.CloudFirestoreV1WriteStream.onNext(CloudFirestoreV1WriteStream.java:99)
	at com.google.cloud.datastore.emulator.impl.firestore.CloudFirestoreV1WriteStream.onNext(CloudFirestoreV1WriteStream.java:27)
	at com.google.cloud.datastore.emulator.firestore.webchannel.FirestoreV1WebChannelAdapter$FirestoreWriteHandler.onMessage(FirestoreV1WebChannelAdapter.java:160)
	at com.google.cloud.datastore.emulator.firestore.webchannel.FirestoreV1WebChannelAdapter$FirestoreWriteHandler.onMessage(FirestoreV1WebChannelAdapter.java:130)
	at com.google.net.webchannel.server.v8.ChannelInternalImpl.onMessage(ChannelInternalImpl.java:525)
	at com.google.net.webchannel.server.v8.ForwardChannel.deliverMessage(ForwardChannel.java:114)
	at com.google.net.webchannel.server.v8.ForwardChannel.processPendingRequest(ForwardChannel.java:93)
	at com.google.net.webchannel.server.v8.ForwardChannel.consume(ForwardChannel.java:67)
	at com.google.net.webchannel.server.v8.ForwardChannel.add(ForwardChannel.java:60)
	at com.google.net.webchannel.server.v8.ChannelInternalImpl.handleRequestBody(ChannelInternalImpl.java:290)
	at com.google.net.webchannel.server.v8.ChannelInternalImpl.processSessionRequest(ChannelInternalImpl.java:357)
	at com.google.net.webchannel.server.v8.ChannelInternalImpl.handle(ChannelInternalImpl.java:172)
	at com.google.net.webchannel.server.v8.ChannelInternalImpl.consume(ChannelInternalImpl.java:91)
	at com.google.net.webchannel.server.common.ChannelProcessor.run(ChannelProcessor.java:86)
Caused by: com.google.cloud.datastore.core.exception.ValidationException: Property array contains an invalid nested entity.
	at com.google.cloud.datastore.core.rep.validator.EntityValidator.validateEntityOrMapValue(EntityValidator.java:550)
	at com.google.cloud.datastore.core.rep.validator.EntityValidator.validateEntityOrMapPropertyValue(EntityValidator.java:485)
	at com.google.cloud.datastore.core.rep.validator.EntityValidator.validatePropertyValue(EntityValidator.java:381)
	at com.google.cloud.datastore.core.rep.validator.EntityValidator.validateArray(EntityValidator.java:248)
	at com.google.cloud.datastore.core.rep.validator.EntityValidator.validatePropertyValue(EntityValidator.java:403)
	at com.google.cloud.datastore.core.rep.validator.EntityValidator.validatePropertyMap(EntityValidator.java:216)
	at com.google.cloud.datastore.core.rep.validator.EntityValidator.validateEntityOrMapValue(EntityValidator.java:535)
	... 25 more
Caused by: com.google.cloud.datastore.core.exception.ValidationException: Property session contains an invalid nested entity.
	at com.google.cloud.datastore.core.rep.validator.EntityValidator.validateEntityOrMapValue(EntityValidator.java:550)
	at com.google.cloud.datastore.core.rep.validator.EntityValidator.validateEntityOrMapPropertyValue(EntityValidator.java:485)
	at com.google.cloud.datastore.core.rep.validator.EntityValidator.validatePropertyValue(EntityValidator.java:381)
	at com.google.cloud.datastore.core.rep.validator.EntityValidator.validatePropertyMap(EntityValidator.java:216)
	at com.google.cloud.datastore.core.rep.validator.EntityValidator.validateEntityOrMapValue(EntityValidator.java:535)
	... 31 more
Caused by: com.google.cloud.datastore.core.exception.ValidationException: Property array contains an invalid nested entity.
	at com.google.cloud.datastore.core.rep.validator.EntityValidator.validateEntityOrMapValue(EntityValidator.java:550)
	at com.google.cloud.datastore.core.rep.validator.EntityValidator.validateEntityOrMapPropertyValue(EntityValidator.java:485)
	at com.google.cloud.datastore.core.rep.validator.EntityValidator.validatePropertyValue(EntityValidator.java:381)
	at com.google.cloud.datastore.core.rep.validator.EntityValidator.validateArray(EntityValidator.java:248)
	at com.google.cloud.datastore.core.rep.validator.EntityValidator.validatePropertyValue(EntityValidator.java:403)
	at com.google.cloud.datastore.core.rep.validator.EntityValidator.validatePropertyMap(EntityValidator.java:216)
	at com.google.cloud.datastore.core.rep.validator.EntityValidator.validateEntityOrMapValue(EntityValidator.java:535)
	... 35 more
Caused by: com.google.cloud.datastore.core.exception.ValidationException: Property session contains an invalid nested entity.
	at com.google.cloud.datastore.core.rep.validator.EntityValidator.validateEntityOrMapValue(EntityValidator.java:550)
	at com.google.cloud.datastore.core.rep.validator.EntityValidator.validateEntityOrMapPropertyValue(EntityValidator.java:485)
	at com.google.cloud.datastore.core.rep.validator.EntityValidator.validatePropertyValue(EntityValidator.java:381)
	at com.google.cloud.datastore.core.rep.validator.EntityValidator.validatePropertyMap(EntityValidator.java:216)
	at com.google.cloud.datastore.core.rep.validator.EntityValidator.validateEntityOrMapValue(EntityValidator.java:535)
	... 41 more
Caused by: com.google.cloud.datastore.core.exception.ValidationException: Property array contains an invalid nested entity.
	at com.google.cloud.datastore.core.rep.validator.EntityValidator.validateEntityOrMapValue(EntityValidator.java:550)
	at com.google.cloud.datastore.core.rep.validator.EntityValidator.validateEntityOrMapPropertyValue(EntityValidator.java:485)
	at com.google.cloud.datastore.core.rep.validator.EntityValidator.validatePropertyValue(EntityValidator.java:381)
	at com.google.cloud.datastore.core.rep.validator.EntityValidator.validateArray(EntityValidator.java:248)
	at com.google.cloud.datastore.core.rep.validator.EntityValidator.validatePropertyValue(EntityValidator.java:403)
	at com.google.cloud.datastore.core.rep.validator.EntityValidator.validatePropertyMap(EntityValidator.java:216)
	at com.google.cloud.datastore.core.rep.validator.EntityValidator.validateEntityOrMapValue(EntityValidator.java:535)
	... 45 more
Caused by: com.google.cloud.datastore.core.exception.ValidationException: Property session contains an invalid nested entity.
	at com.google.cloud.datastore.core.rep.validator.EntityValidator.validateEntityOrMapValue(EntityValidator.java:550)
	at com.google.cloud.datastore.core.rep.validator.EntityValidator.validateEntityOrMapPropertyValue(EntityValidator.java:485)
	at com.google.cloud.datastore.core.rep.validator.EntityValidator.validatePropertyValue(EntityValidator.java:381)
	at com.google.cloud.datastore.core.rep.validator.EntityValidator.validatePropertyMap(EntityValidator.java:216)
	at com.google.cloud.datastore.core.rep.validator.EntityValidator.validateEntityOrMapValue(EntityValidator.java:535)
	... 51 more
Caused by: com.google.cloud.datastore.core.exception.ValidationException: Property array contains an invalid nested entity.
	at com.google.cloud.datastore.core.rep.validator.EntityValidator.validateEntityOrMapValue(EntityValidator.java:550)
	at com.google.cloud.datastore.core.rep.validator.EntityValidator.validateEntityOrMapPropertyValue(EntityValidator.java:485)
	at com.google.cloud.datastore.core.rep.validator.EntityValidator.validatePropertyValue(EntityValidator.java:381)
	at com.google.cloud.datastore.core.rep.validator.EntityValidator.validateArray(EntityValidator.java:248)
	at com.google.cloud.datastore.core.rep.validator.EntityValidator.validatePropertyValue(EntityValidator.java:403)
	at com.google.cloud.datastore.core.rep.validator.EntityValidator.validatePropertyMap(EntityValidator.java:216)
	at com.google.cloud.datastore.core.rep.validator.EntityValidator.validateEntityOrMapValue(EntityValidator.java:535)
	... 55 more
Caused by: com.google.cloud.datastore.core.exception.ValidationException: Property session contains an invalid nested entity.
	at com.google.cloud.datastore.core.rep.validator.EntityValidator.validateEntityOrMapValue(EntityValidator.java:550)
	at com.google.cloud.datastore.core.rep.validator.EntityValidator.validateEntityOrMapPropertyValue(EntityValidator.java:485)
	at com.google.cloud.datastore.core.rep.validator.EntityValidator.validatePropertyValue(EntityValidator.java:381)
	at com.google.cloud.datastore.core.rep.validator.EntityValidator.validatePropertyMap(EntityValidator.java:216)
	at com.google.cloud.datastore.core.rep.validator.EntityValidator.validateEntityOrMapValue(EntityValidator.java:535)
	... 61 more
Caused by: com.google.cloud.datastore.core.exception.ValidationException: Property array contains an invalid nested entity.
	at com.google.cloud.datastore.core.rep.validator.EntityValidator.validateEntityOrMapValue(EntityValidator.java:550)
	at com.google.cloud.datastore.core.rep.validator.EntityValidator.validateEntityOrMapPropertyValue(EntityValidator.java:485)
	at com.google.cloud.datastore.core.rep.validator.EntityValidator.validatePropertyValue(EntityValidator.java:381)
	at com.google.cloud.datastore.core.rep.validator.EntityValidator.validateArray(EntityValidator.java:248)
	at com.google.cloud.datastore.core.rep.validator.EntityValidator.validatePropertyValue(EntityValidator.java:403)
	at com.google.cloud.datastore.core.rep.validator.EntityValidator.validatePropertyMap(EntityValidator.java:216)
	at com.google.cloud.datastore.core.rep.validator.EntityValidator.validateEntityOrMapValue(EntityValidator.java:535)
	... 65 more
Caused by: com.google.cloud.datastore.core.exception.ValidationException: Property session contains an invalid nested entity.
	at com.google.cloud.datastore.core.rep.validator.EntityValidator.validateEntityOrMapValue(EntityValidator.java:550)
	at com.google.cloud.datastore.core.rep.validator.EntityValidator.validateEntityOrMapPropertyValue(EntityValidator.java:485)
	at com.google.cloud.datastore.core.rep.validator.EntityValidator.validatePropertyValue(EntityValidator.java:381)
	at com.google.cloud.datastore.core.rep.validator.EntityValidator.validatePropertyMap(EntityValidator.java:216)
	at com.google.cloud.datastore.core.rep.validator.EntityValidator.validateEntityOrMapValue(EntityValidator.java:535)
	... 71 more
Caused by: com.google.cloud.datastore.core.exception.ValidationException: Property array contains an invalid nested entity.
	at com.google.cloud.datastore.core.rep.validator.EntityValidator.validateEntityOrMapValue(EntityValidator.java:550)
	at com.google.cloud.datastore.core.rep.validator.EntityValidator.validateEntityOrMapPropertyValue(EntityValidator.java:485)
	at com.google.cloud.datastore.core.rep.validator.EntityValidator.validatePropertyValue(EntityValidator.java:381)
	at com.google.cloud.datastore.core.rep.validator.EntityValidator.validateArray(EntityValidator.java:248)
	at com.google.cloud.datastore.core.rep.validator.EntityValidator.validatePropertyValue(EntityValidator.java:403)
	at com.google.cloud.datastore.core.rep.validator.EntityValidator.validatePropertyMap(EntityValidator.java:216)
	at com.google.cloud.datastore.core.rep.validator.EntityValidator.validateEntityOrMapValue(EntityValidator.java:535)
	... 75 more
Caused by: com.google.cloud.datastore.core.exception.ValidationException: Property array contains an invalid nested entity.
	at com.google.cloud.datastore.core.rep.validator.EntityValidator.validateEntityOrMapValue(EntityValidator.java:550)
	at com.google.cloud.datastore.core.rep.validator.EntityValidator.validateEntityOrMapPropertyValue(EntityValidator.java:485)
	at com.google.cloud.datastore.core.rep.validator.EntityValidator.validatePropertyValue(EntityValidator.java:381)
	at com.google.cloud.datastore.core.rep.validator.EntityValidator.validateArray(EntityValidator.java:248)
	at com.google.cloud.datastore.core.rep.validator.EntityValidator.validatePropertyValue(EntityValidator.java:403)
	at com.google.cloud.datastore.core.rep.validator.EntityValidator.validatePropertyMap(EntityValidator.java:216)
	at com.google.cloud.datastore.core.rep.validator.EntityValidator.validateEntityOrMapValue(EntityValidator.java:535)
	... 81 more
Caused by: com.google.cloud.datastore.core.exception.ValidationException: Property data contains an invalid nested entity.
	at com.google.cloud.datastore.core.rep.validator.EntityValidator.validateEntityOrMapValue(EntityValidator.java:550)
	at com.google.cloud.datastore.core.rep.validator.EntityValidator.validateEntityOrMapPropertyValue(EntityValidator.java:485)
	at com.google.cloud.datastore.core.rep.validator.EntityValidator.validatePropertyValue(EntityValidator.java:381)
	at com.google.cloud.datastore.core.rep.validator.EntityValidator.validatePropertyMap(EntityValidator.java:216)
	at com.google.cloud.datastore.core.rep.validator.EntityValidator.validateEntityOrMapValue(EntityValidator.java:535)
	... 87 more
Caused by: com.google.cloud.datastore.core.exception.ValidationException: At most 20 nested array/entity values are supported.
	at com.google.cloud.datastore.core.exception.ValidationException.validateAssertion(ValidationException.java:109)
	at com.google.cloud.datastore.core.rep.validator.EntityValidator.validateEntityOrMapValue(EntityValidator.java:520)
	... 91 more

Jun 25, 2026 6:41:33 PM io.gapi.emulators.netty.HttpVersionRoutingHandler channelRead
INFO: Detected non-HTTP/2 connection.
Jun 25, 2026 6:41:33 PM io.gapi.emulators.netty.HttpVersionRoutingHandler channelRead
INFO: Detected non-HTTP/2 connection.
Jun 25, 2026 6:41:33 PM com.google.cloud.datastore.emulator.firestore.webchannel.FirestoreV1WebChannelAdapter$FirestoreWriteHandler onClose
INFO: channel closed
Jun 25, 2026 6:41:33 PM io.gapi.emulators.netty.HttpVersionRoutingHandler channelRead
INFO: Detected non-HTTP/2 connection.
Jun 25, 2026 6:41:33 PM io.gapi.emulators.netty.HttpVersionRoutingHandler channelRead
INFO: Detected non-HTTP/2 connection.
Jun 25, 2026 6:41:33 PM io.gapi.emulators.netty.HttpVersionRoutingHandler channelRead
INFO: Detected non-HTTP/2 connection.
Jun 25, 2026 6:41:33 PM io.gapi.emulators.netty.HttpVersionRoutingHandler channelRead
INFO: Detected non-HTTP/2 connection.
